[debug] [2018-08-24T04:11:58.486Z] ----------------------------------------------------------------------
[debug] [2018-08-24T04:11:58.488Z] Command:       /usr/local/bin/node /Users/jonlamb/.npm-global/bin/firebase serve --only functions
[debug] [2018-08-24T04:11:58.488Z] CLI Version:   4.0.3
[debug] [2018-08-24T04:11:58.488Z] Platform:      darwin
[debug] [2018-08-24T04:11:58.488Z] Node Version:  v8.9.3
[debug] [2018-08-24T04:11:58.489Z] Time:          Thu Aug 23 2018 23:11:58 GMT-0500 (CDT)
[debug] [2018-08-24T04:11:58.489Z] ----------------------------------------------------------------------
[debug] 
[debug] [2018-08-24T04:11:58.498Z] > command requires scopes: ["email","openid","https://www.googleapis.com/auth/cloudplatformprojects.readonly","https://www.googleapis.com/auth/firebase","https://www.googleapis.com/auth/cloud-platform"]
[debug] [2018-08-24T04:11:58.498Z] > authorizing via signed-in user
[debug] [2018-08-24T04:11:58.499Z] >>> HTTP REQUEST GET https://admin.firebase.com/v1/projects/kpay-automator  
  
 Thu Aug 23 2018 23:11:58 GMT-0500 (CDT)
[debug] [2018-08-24T04:11:58.779Z] <<< HTTP RESPONSE 200
[debug] [2018-08-24T04:11:58.780Z] >>> HTTP REQUEST GET https://admin.firebase.com/v1/database/kpay-automator/tokens  
  
 Thu Aug 23 2018 23:11:58 GMT-0500 (CDT)
[debug] [2018-08-24T04:11:59.205Z] <<< HTTP RESPONSE 200
[debug] [2018-08-24T04:11:59.206Z] >>> HTTP REQUEST GET https://cloudresourcemanager.googleapis.com/v1/projects/kpay-automator  
  
 Thu Aug 23 2018 23:11:59 GMT-0500 (CDT)
[debug] [2018-08-24T04:11:59.387Z] <<< HTTP RESPONSE 200
[info] 
[info] === Serving from '/Users/jonlamb/projects/job-change-history'...
[info] 
[info] i  functions: Preparing to emulate functions.
[debug] [2018-08-24T04:11:59.786Z] Fetching environment
[debug] [2018-08-24T04:11:59.787Z] >>> HTTP REQUEST GET https://mobilesdk-pa.googleapis.com/v1/projects/949570070359:getServerAppConfig  
  
 Thu Aug 23 2018 23:11:59 GMT-0500 (CDT)
[debug] [2018-08-24T04:12:00.095Z] <<< HTTP RESPONSE 200
[debug] [2018-08-24T04:12:00.096Z] Starting @google-cloud/functions-emulator
[debug] [2018-08-24T04:12:01.149Z] Parsing function triggers
[info] ✔  functions: startAutomation: http://localhost:5000/kpay-automator/us-central1/startAutomation
